<?xml version="1.0" encoding="UTF-8"?>
<!-- Generated by org.testng.reporters.JUnitXMLReporter -->
<testsuite hostname="DESKTOP-1H83AUO" ignored="0" name="usermoduleTest" tests="4" failures="0" timestamp="2023-02-02T11:17:20 EST" time="6.014" errors="0">
  <testcase name="testcreateuser" time="3.44" classname="apitests.UserModuleTestcase2"/>
  <testcase name="testgetuser" time="0.272" classname="apitests.UserModuleTestcase2"/>
  <testcase name="testupdateuser" time="0.44" classname="apitests.UserModuleTestcase2"/>
  <testcase name="deleteuser" time="0.217" classname="apitests.UserModuleTestcase2"/>
</testsuite> <!-- usermoduleTest -->
