<?xml version="1.0" encoding="UTF-8"?>
<testng-results skipped="0" failed="0" ignored="0" total="4" passed="4">
  <reporter-output>
  </reporter-output>
  <suite name="petstoreSuite" duration-ms="9266" started-at="2023-02-01T12:41:52 EST" finished-at="2023-02-01T12:42:01 EST">
    <groups>
    </groups>
    <test name="usermoduleTest" duration-ms="9266" started-at="2023-02-01T12:41:52 EST" finished-at="2023-02-01T12:42:01 EST">
      <class name="apitests.UserModuleTestcase2">
        <test-method status="PASS" signature="setup()[pri:0, instance:apitests.UserModuleTestcase2@4eb7f003]" name="setup" is-config="true" duration-ms="2342" started-at="2023-02-01T12:41:52 EST" finished-at="2023-02-01T12:41:54 EST">
          <reporter-output>
          </reporter-output>
        </test-method> <!-- setup -->
        <test-method status="PASS" signature="testcreateuser()[pri:1, instance:apitests.UserModuleTestcase2@4eb7f003]" name="testcreateuser" duration-ms="5227" started-at="2023-02-01T12:41:54 EST" finished-at="2023-02-01T12:42:00 EST">
          <reporter-output>
          </reporter-output>
        </test-method> <!-- testcreateuser -->
        <test-method status="PASS" signature="testgetuser()[pri:2, instance:apitests.UserModuleTestcase2@4eb7f003]" name="testgetuser" duration-ms="296" started-at="2023-02-01T12:42:00 EST" finished-at="2023-02-01T12:42:00 EST">
          <reporter-output>
          </reporter-output>
        </test-method> <!-- testgetuser -->
        <test-method status="PASS" signature="testupdateuser()[pri:3, instance:apitests.UserModuleTestcase2@4eb7f003]" name="testupdateuser" duration-ms="453" started-at="2023-02-01T12:42:00 EST" finished-at="2023-02-01T12:42:01 EST">
          <reporter-output>
          </reporter-output>
        </test-method> <!-- testupdateuser -->
        <test-method status="PASS" signature="deleteuser()[pri:4, instance:apitests.UserModuleTestcase2@4eb7f003]" name="deleteuser" duration-ms="203" started-at="2023-02-01T12:42:01 EST" finished-at="2023-02-01T12:42:01 EST">
          <reporter-output>
          </reporter-output>
        </test-method> <!-- deleteuser -->
      </class> <!-- apitests.UserModuleTestcase2 -->
    </test> <!-- usermoduleTest -->
  </suite> <!-- petstoreSuite -->
</testng-results>
