<?xml version="1.0" encoding="UTF-8"?>
<!-- Generated by org.testng.reporters.JUnitXMLReporter -->
<testsuite hostname="DESKTOP-1H83AUO" ignored="0" name="usermoduleTest" tests="4" failures="0" timestamp="2023-02-01T12:42:01 EST" time="9.266" errors="0">
  <testcase name="testcreateuser" time="5.227" classname="apitests.UserModuleTestcase2"/>
  <testcase name="testgetuser" time="0.296" classname="apitests.UserModuleTestcase2"/>
  <testcase name="testupdateuser" time="0.453" classname="apitests.UserModuleTestcase2"/>
  <testcase name="deleteuser" time="0.203" classname="apitests.UserModuleTestcase2"/>
</testsuite> <!-- usermoduleTest -->
